# JRE version: OpenJDK Runtime Environment Temurin-11.0.17+8 (11.0.17+8) (build 11.0.17+8)
# Java VM: OpenJDK 64-Bit Server VM Temurin-11.0.17+8 (11.0.17+8, mixed mode, tiered, compressed oops, g1 gc, windows-amd64)
Heap:
 garbage-first heap   total 129024K, used 27688K [0x0000000080000000, 0x0000000100000000)
  region size 1024K, 13 young (13312K), 7 survivors (7168K)
 Metaspace       used 36029K, capacity 36836K, committed 37072K, reserved 548864K
  class space    used 4636K, capacity 4982K, committed 4992K, reserved 516096K
GC Heap History (16 events):
Event: 3.257 GC heap before
{Heap before GC invocations=0 (full 0):
 garbage-first heap   total 129024K, used 16384K [0x0000000080000000, 0x0000000100000000)
  region size 1024K, 14 young (14336K), 0 survivors (0K)
 Metaspace       used 6762K, capacity 6985K, committed 7168K, reserved 524288K
  class space    used 573K, capacity 650K, committed 768K, reserved 516096K
}
Event: 3.514 GC heap after
{Heap after GC invocations=1 (full 0):
 garbage-first heap   total 129024K, used 3837K [0x0000000080000000, 0x0000000100000000)
  region size 1024K, 2 young (2048K), 2 survivors (2048K)
 Metaspace       used 6762K, capacity 6985K, committed 7168K, reserved 524288K
  class space    used 573K, capacity 650K, committed 768K, reserved 516096K
}
Event: 5.292 GC heap before
{Heap before GC invocations=1 (full 0):
 garbage-first heap   total 129024K, used 18173K [0x0000000080000000, 0x0000000100000000)
  region size 1024K, 13 young (13312K), 2 survivors (2048K)
 Metaspace       used 9809K, capacity 10016K, committed 10112K, reserved 526336K
  class space    used 999K, capacity 1069K, committed 1152K, reserved 516096K
}
Event: 5.295 GC heap after
{Heap after GC invocations=2 (full 0):
 garbage-first heap   total 129024K, used 9216K [0x0000000080000000, 0x0000000100000000)
  region size 1024K, 2 young (2048K), 2 survivors (2048K)
 Metaspace       used 9809K, capacity 10016K, committed 10112K, reserved 526336K
  class space    used 999K, capacity 1069K, committed 1152K, reserved 516096K
}
Event: 7.937 GC heap before
{Heap before GC invocations=2 (full 0):
 garbage-first heap   total 129024K, used 36864K [0x0000000080000000, 0x0000000100000000)
  region size 1024K, 29 young (29696K), 2 survivors (2048K)
 Metaspace       used 10906K, capacity 11133K, committed 11264K, reserved 526336K
  class space    used 1113K, capacity 1207K, committed 1280K, reserved 516096K
}
Event: 7.941 GC heap after
{Heap after GC invocations=3 (full 0):
 garbage-first heap   total 129024K, used 10748K [0x0000000080000000, 0x0000000100000000)
  region size 1024K, 4 young (4096K), 4 survivors (4096K)
 Metaspace       used 10906K, capacity 11133K, committed 11264K, reserved 526336K
  class space    used 1113K, capacity 1207K, committed 1280K, reserved 516096K
}
Event: 12.287 GC heap before
{Heap before GC invocations=3 (full 0):
 garbage-first heap   total 129024K, used 51708K [0x0000000080000000, 0x0000000100000000)
  region size 1024K, 44 young (45056K), 4 survivors (4096K)
 Metaspace       used 17699K, capacity 18125K, committed 18304K, reserved 532480K
  class space    used 2052K, capacity 2176K, committed 2176K, reserved 516096K
}
Event: 12.317 GC heap after
{Heap after GC invocations=4 (full 0):
 garbage-first heap   total 129024K, used 16090K [0x0000000080000000, 0x0000000100000000)
  region size 1024K, 6 young (6144K), 6 survivors (6144K)
 Metaspace       used 17699K, capacity 18125K, committed 18304K, reserved 532480K
  class space    used 2052K, capacity 2176K, committed 2176K, reserved 516096K
}
Event: 13.485 GC heap before
{Heap before GC invocations=4 (full 0):
 garbage-first heap   total 129024K, used 40666K [0x0000000080000000, 0x0000000100000000)
  region size 1024K, 31 young (31744K), 6 survivors (6144K)
 Metaspace       used 20742K, capacity 21218K, committed 21296K, reserved 536576K
  class space    used 2476K, capacity 2658K, committed 2688K, reserved 516096K
}
Event: 13.496 GC heap after
{Heap after GC invocations=5 (full 0):
 garbage-first heap   total 129024K, used 17414K [0x0000000080000000, 0x0000000100000000)
  region size 1024K, 2 young (2048K), 2 survivors (2048K)
 Metaspace       used 20742K, capacity 21218K, committed 21296K, reserved 536576K
  class space    used 2476K, capacity 2658K, committed 2688K, reserved 516096K
}
Event: 16.141 GC heap before
{Heap before GC invocations=6 (full 0):
 garbage-first heap   total 129024K, used 63494K [0x0000000080000000, 0x0000000100000000)
  region size 1024K, 48 young (49152K), 2 survivors (2048K)
 Metaspace       used 25398K, capacity 26004K, committed 26160K, reserved 540672K
  class space    used 3229K, capacity 3450K, committed 3456K, reserved 516096K
}
Event: 16.146 GC heap after
{Heap after GC invocations=7 (full 0):
 garbage-first heap   total 129024K, used 19032K [0x0000000080000000, 0x0000000100000000)
  region size 1024K, 3 young (3072K), 3 survivors (3072K)
 Metaspace       used 25398K, capacity 26004K, committed 26160K, reserved 540672K
  class space    used 3229K, capacity 3450K, committed 3456K, reserved 516096K
}
Event: 19.641 GC heap before
{Heap before GC invocations=7 (full 0):
 garbage-first heap   total 129024K, used 83544K [0x0000000080000000, 0x0000000100000000)
  region size 1024K, 66 young (67584K), 3 survivors (3072K)
 Metaspace       used 31810K, capacity 32548K, committed 32688K, reserved 544768K
  class space    used 4201K, capacity 4488K, committed 4608K, reserved 516096K
}
Event: 19.648 GC heap after
{Heap after GC invocations=8 (full 0):
 garbage-first heap   total 129024K, used 20951K [0x0000000080000000, 0x0000000100000000)
  region size 1024K, 5 young (5120K), 5 survivors (5120K)
 Metaspace       used 31810K, capacity 32548K, committed 32688K, reserved 544768K
  class space    used 4201K, capacity 4488K, committed 4608K, reserved 516096K
}
Event: 21.338 GC heap before
{Heap before GC invocations=8 (full 0):
 garbage-first heap   total 129024K, used 29143K [0x0000000080000000, 0x0000000100000000)
  region size 1024K, 14 young (14336K), 5 survivors (5120K)
 Metaspace       used 34975K, capacity 35752K, committed 35920K, reserved 548864K
  class space    used 4472K, capacity 4790K, committed 4864K, reserved 516096K
}
Event: 21.348 GC heap after
{Heap after GC invocations=9 (full 0):
 garbage-first heap   total 129024K, used 22568K [0x0000000080000000, 0x0000000100000000)
  region size 1024K, 7 young (7168K), 7 survivors (7168K)
 Metaspace       used 34975K, capacity 35752K, committed 35920K, reserved 548864K
  class space    used 4472K, capacity 4790K, committed 4864K, reserved 516096K
}

