# JRE version: OpenJDK Runtime Environment Temurin-11.0.17+8 (11.0.17+8) (build 11.0.17+8)
# Java VM: OpenJDK 64-Bit Server VM Temurin-11.0.17+8 (11.0.17+8, mixed mode, tiered, compressed oops, g1 gc, windows-amd64)
Heap:
 garbage-first heap   total 129024K, used 33064K [0x0000000080000000, 0x0000000100000000)
  region size 1024K, 18 young (18432K), 5 survivors (5120K)
 Metaspace       used 33314K, capacity 34054K, committed 34352K, reserved 550912K
  class space    used 4327K, capacity 4623K, committed 4736K, reserved 516096K
GC Heap History (10 events):
Event: 2.580 GC heap before
{Heap before GC invocations=0 (full 0):
 garbage-first heap   total 129024K, used 16384K [0x0000000080000000, 0x0000000100000000)
  region size 1024K, 14 young (14336K), 0 survivors (0K)
 Metaspace       used 6760K, capacity 7001K, committed 7168K, reserved 524288K
  class space    used 573K, capacity 650K, committed 768K, reserved 516096K
}
Event: 2.892 GC heap after
{Heap after GC invocations=1 (full 0):
 garbage-first heap   total 129024K, used 3838K [0x0000000080000000, 0x0000000100000000)
  region size 1024K, 2 young (2048K), 2 survivors (2048K)
 Metaspace       used 6760K, capacity 7001K, committed 7168K, reserved 524288K
  class space    used 573K, capacity 650K, committed 768K, reserved 516096K
}
Event: 11.345 GC heap before
{Heap before GC invocations=1 (full 0):
 garbage-first heap   total 129024K, used 82686K [0x0000000080000000, 0x0000000100000000)
  region size 1024K, 75 young (76800K), 2 survivors (2048K)
 Metaspace       used 17311K, capacity 17661K, committed 17792K, reserved 532480K
  class space    used 1977K, capacity 2100K, committed 2176K, reserved 516096K
}
Event: 11.384 GC heap after
{Heap after GC invocations=2 (full 0):
 garbage-first heap   total 129024K, used 16052K [0x0000000080000000, 0x0000000100000000)
  region size 1024K, 10 young (10240K), 10 survivors (10240K)
 Metaspace       used 17311K, capacity 17661K, committed 17792K, reserved 532480K
  class space    used 1977K, capacity 2100K, committed 2176K, reserved 516096K
}
Event: 13.303 GC heap before
{Heap before GC invocations=2 (full 0):
 garbage-first heap   total 129024K, used 44724K [0x0000000080000000, 0x0000000100000000)
  region size 1024K, 39 young (39936K), 10 survivors (10240K)
 Metaspace       used 20736K, capacity 21169K, committed 21296K, reserved 536576K
  class space    used 2476K, capacity 2658K, committed 2688K, reserved 516096K
}
Event: 13.312 GC heap after
{Heap after GC invocations=3 (full 0):
 garbage-first heap   total 129024K, used 17806K [0x0000000080000000, 0x0000000100000000)
  region size 1024K, 2 young (2048K), 2 survivors (2048K)
 Metaspace       used 20736K, capacity 21169K, committed 21296K, reserved 536576K
  class space    used 2476K, capacity 2658K, committed 2688K, reserved 516096K
}
Event: 15.955 GC heap before
{Heap before GC invocations=4 (full 0):
 garbage-first heap   total 129024K, used 64910K [0x0000000080000000, 0x0000000100000000)
  region size 1024K, 48 young (49152K), 2 survivors (2048K)
 Metaspace       used 25444K, capacity 26019K, committed 26160K, reserved 540672K
  class space    used 3243K, capacity 3450K, committed 3456K, reserved 516096K
}
Event: 15.960 GC heap after
{Heap after GC invocations=5 (full 0):
 garbage-first heap   total 129024K, used 19162K [0x0000000080000000, 0x0000000100000000)
  region size 1024K, 3 young (3072K), 3 survivors (3072K)
 Metaspace       used 25444K, capacity 26019K, committed 26160K, reserved 540672K
  class space    used 3243K, capacity 3450K, committed 3456K, reserved 516096K
}
Event: 19.484 GC heap before
{Heap before GC invocations=5 (full 0):
 garbage-first heap   total 129024K, used 76506K [0x0000000080000000, 0x0000000100000000)
  region size 1024K, 59 young (60416K), 3 survivors (3072K)
 Metaspace       used 30842K, capacity 31495K, committed 31664K, reserved 544768K
  class space    used 4071K, capacity 4323K, committed 4352K, reserved 516096K
}
Event: 19.490 GC heap after
{Heap after GC invocations=6 (full 0):
 garbage-first heap   total 129024K, used 20776K [0x0000000080000000, 0x0000000100000000)
  region size 1024K, 5 young (5120K), 5 survivors (5120K)
 Metaspace       used 30842K, capacity 31495K, committed 31664K, reserved 544768K
  class space    used 4071K, capacity 4323K, committed 4352K, reserved 516096K
}

