# JRE version: OpenJDK Runtime Environment Temurin-11.0.17+8 (11.0.17+8) (build 11.0.17+8)
# Java VM: OpenJDK 64-Bit Server VM Temurin-11.0.17+8 (11.0.17+8, mixed mode, tiered, compressed oops, g1 gc, windows-amd64)
Heap:
 garbage-first heap   total 129024K, used 53278K [0x0000000080000000, 0x0000000100000000)
  region size 1024K, 38 young (38912K), 6 survivors (6144K)
 Metaspace       used 38072K, capacity 38996K, committed 39120K, reserved 550912K
  class space    used 4840K, capacity 5208K, committed 5248K, reserved 516096K
GC Heap History (16 events):
Event: 2.843 GC heap before
{Heap before GC invocations=0 (full 0):
 garbage-first heap   total 129024K, used 16384K [0x0000000080000000, 0x0000000100000000)
  region size 1024K, 14 young (14336K), 0 survivors (0K)
 Metaspace       used 6775K, capacity 6993K, committed 7168K, reserved 524288K
  class space    used 573K, capacity 650K, committed 768K, reserved 516096K
}
Event: 2.992 GC heap after
{Heap after GC invocations=1 (full 0):
 garbage-first heap   total 129024K, used 3841K [0x0000000080000000, 0x0000000100000000)
  region size 1024K, 2 young (2048K), 2 survivors (2048K)
 Metaspace       used 6775K, capacity 6993K, committed 7168K, reserved 524288K
  class space    used 573K, capacity 650K, committed 768K, reserved 516096K
}
Event: 4.349 GC heap before
{Heap before GC invocations=1 (full 0):
 garbage-first heap   total 129024K, used 18177K [0x0000000080000000, 0x0000000100000000)
  region size 1024K, 14 young (14336K), 2 survivors (2048K)
 Metaspace       used 9926K, capacity 10122K, committed 10368K, reserved 526336K
  class space    used 1011K, capacity 1102K, committed 1152K, reserved 516096K
}
Event: 4.353 GC heap after
{Heap after GC invocations=2 (full 0):
 garbage-first heap   total 129024K, used 9555K [0x0000000080000000, 0x0000000100000000)
  region size 1024K, 2 young (2048K), 2 survivors (2048K)
 Metaspace       used 9926K, capacity 10122K, committed 10368K, reserved 526336K
  class space    used 1011K, capacity 1102K, committed 1152K, reserved 516096K
}
Event: 7.245 GC heap before
{Heap before GC invocations=2 (full 0):
 garbage-first heap   total 129024K, used 40275K [0x0000000080000000, 0x0000000100000000)
  region size 1024K, 31 young (31744K), 2 survivors (2048K)
 Metaspace       used 10966K, capacity 11141K, committed 11264K, reserved 526336K
  class space    used 1114K, capacity 1207K, committed 1280K, reserved 516096K
}
Event: 7.250 GC heap after
{Heap after GC invocations=3 (full 0):
 garbage-first heap   total 129024K, used 13459K [0x0000000080000000, 0x0000000100000000)
  region size 1024K, 4 young (4096K), 4 survivors (4096K)
 Metaspace       used 10966K, capacity 11141K, committed 11264K, reserved 526336K
  class space    used 1114K, capacity 1207K, committed 1280K, reserved 516096K
}
Event: 12.244 GC heap before
{Heap before GC invocations=3 (full 0):
 garbage-first heap   total 129024K, used 56467K [0x0000000080000000, 0x0000000100000000)
  region size 1024K, 46 young (47104K), 4 survivors (4096K)
 Metaspace       used 18394K, capacity 18764K, committed 18944K, reserved 534528K
  class space    used 2155K, capacity 2282K, committed 2304K, reserved 516096K
}
Event: 12.285 GC heap after
{Heap after GC invocations=4 (full 0):
 garbage-first heap   total 129024K, used 16872K [0x0000000080000000, 0x0000000100000000)
  region size 1024K, 6 young (6144K), 6 survivors (6144K)
 Metaspace       used 18394K, capacity 18764K, committed 18944K, reserved 534528K
  class space    used 2155K, capacity 2282K, committed 2304K, reserved 516096K
}
Event: 13.175 GC heap before
{Heap before GC invocations=4 (full 0):
 garbage-first heap   total 129024K, used 34280K [0x0000000080000000, 0x0000000100000000)
  region size 1024K, 24 young (24576K), 6 survivors (6144K)
 Metaspace       used 20672K, capacity 21129K, committed 21296K, reserved 536576K
  class space    used 2468K, capacity 2626K, committed 2688K, reserved 516096K
}
Event: 13.181 GC heap after
{Heap after GC invocations=5 (full 0):
 garbage-first heap   total 129024K, used 17390K [0x0000000080000000, 0x0000000100000000)
  region size 1024K, 4 young (4096K), 4 survivors (4096K)
 Metaspace       used 20672K, capacity 21129K, committed 21296K, reserved 536576K
  class space    used 2468K, capacity 2626K, committed 2688K, reserved 516096K
}
Event: 15.943 GC heap before
{Heap before GC invocations=6 (full 0):
 garbage-first heap   total 129024K, used 64494K [0x0000000080000000, 0x0000000100000000)
  region size 1024K, 50 young (51200K), 4 survivors (4096K)
 Metaspace       used 25574K, capacity 26107K, committed 26288K, reserved 540672K
  class space    used 3255K, capacity 3482K, committed 3584K, reserved 516096K
}
Event: 15.949 GC heap after
{Heap after GC invocations=7 (full 0):
 garbage-first heap   total 129024K, used 19340K [0x0000000080000000, 0x0000000100000000)
  region size 1024K, 3 young (3072K), 3 survivors (3072K)
 Metaspace       used 25574K, capacity 26107K, committed 26288K, reserved 540672K
  class space    used 3255K, capacity 3482K, committed 3584K, reserved 516096K
}
Event: 18.282 GC heap before
{Heap before GC invocations=7 (full 0):
 garbage-first heap   total 129024K, used 70540K [0x0000000080000000, 0x0000000100000000)
  region size 1024K, 53 young (54272K), 3 survivors (3072K)
 Metaspace       used 30380K, capacity 31125K, committed 31408K, reserved 544768K
  class space    used 4003K, capacity 4288K, committed 4352K, reserved 516096K
}
Event: 18.287 GC heap after
{Heap after GC invocations=8 (full 0):
 garbage-first heap   total 129024K, used 20625K [0x0000000080000000, 0x0000000100000000)
  region size 1024K, 4 young (4096K), 4 survivors (4096K)
 Metaspace       used 30380K, capacity 31125K, committed 31408K, reserved 544768K
  class space    used 4003K, capacity 4288K, committed 4352K, reserved 516096K
}
Event: 19.958 GC heap before
{Heap before GC invocations=8 (full 0):
 garbage-first heap   total 129024K, used 39057K [0x0000000080000000, 0x0000000100000000)
  region size 1024K, 23 young (23552K), 4 survivors (4096K)
 Metaspace       used 34972K, capacity 35760K, committed 35920K, reserved 548864K
  class space    used 4467K, capacity 4790K, committed 4864K, reserved 516096K
}
Event: 19.970 GC heap after
{Heap after GC invocations=9 (full 0):
 garbage-first heap   total 129024K, used 22558K [0x0000000080000000, 0x0000000100000000)
  region size 1024K, 6 young (6144K), 6 survivors (6144K)
 Metaspace       used 34972K, capacity 35760K, committed 35920K, reserved 548864K
  class space    used 4467K, capacity 4790K, committed 4864K, reserved 516096K
}

